<?xml version="1.0" encoding="UTF-8"?>
<testsuite xmlns:xsi="http://www.w3.org/2001/XMLSchema-instance" xsi:noNamespaceSchemaLocation="https://maven.apache.org/surefire/maven-surefire-plugin/xsd/surefire-test-report.xsd" version="3.0.2" name="com.developerDev.Libris.LibrisApplicationTests" time="4.253" tests="1" errors="0" skipped="0" failures="0">
  <properties>
[...]
</properties>
  <testcase name="contextLoads" classname="com.developerDev.Libris.LibrisApplicationTests" time="0.794">
    <system-out><![CDATA[19:39:19.478 [main] INFO org.springframework.test.context.support.AnnotationConfigContextLoaderUtils -- Could not detect default configuration classes for test class [com.developerDev.Libris.LibrisApplicationTests]: LibrisApplicationTests does not declare any static, non-private, non-final, nested classes annotated with @Configuration.
19:39:19.600 [main] INFO org.springframework.boot.test.context.SpringBootTestContextBootstrapper -- Found @SpringBootConfiguration com.developerDev.Libris.LibrisApplication for test class com.developerDev.Libris.LibrisApplicationTests

  .   ____          _            __ _ _
 /\\ / ___'_ __ _ _(_)_ __  __ _ \ \ \ \
( ( )\___ | '_ | '_| | '_ \/ _` | \ \ \ \
 \\/  ___)| |_)| | | | | || (_| |  ) ) ) )
  '  |____| .__|_| |_|_| |_\__, | / / / /
 =========|_|==============|___/=/_/_/_/

 :: Spring Boot ::                (v3.4.3)

2025-05-02T19:39:20.086+05:30  INFO 7844 --- [           main] c.d.Libris.LibrisApplicationTests        : Starting LibrisApplicationTests using Java 17.0.15 with PID 7844 (started by Dev Kumar in C:\Users\Dev Kumar\OneDrive\Documents\MyDocs\Full Stack Projects\Libris\Backend\Libris-Backend)
2025-05-02T19:39:20.088+05:30  INFO 7844 --- [           main] c.d.Libris.LibrisApplicationTests        : The following 1 profile is active: "default"
2025-05-02T19:39:20.517+05:30  INFO 7844 --- [           main] .s.d.r.c.RepositoryConfigurationDelegate : Bootstrapping Spring Data MongoDB repositories in DEFAULT mode.
2025-05-02T19:39:20.578+05:30  INFO 7844 --- [           main] .s.d.r.c.RepositoryConfigurationDelegate : Finished Spring Data repository scanning in 54 ms. Found 3 MongoDB repository interfaces.
2025-05-02T19:39:21.756+05:30  INFO 7844 --- [           main] org.mongodb.driver.client                : MongoClient with metadata {"application": {"name": "Cluster0"}, "driver": {"name": "mongo-java-driver|sync|spring-boot", "version": "5.2.1"}, "os": {"type": "Windows", "name": "Windows 11", "architecture": "amd64", "version": "10.0"}, "platform": "Java/Amazon.com Inc./17.0.15+6-LTS"} created with settings MongoClientSettings{readPreference=primary, writeConcern=WriteConcern{w=majority, wTimeout=null ms, journal=null}, retryWrites=true, retryReads=true, readConcern=ReadConcern{level=null}, credential=MongoCredential{mechanism=null, userName='devkmandal0', source='admin', password=<hidden>, mechanismProperties=<hidden>}, transportSettings=null, commandListeners=[], codecRegistry=ProvidersCodecRegistry{codecProviders=[ValueCodecProvider{}, BsonValueCodecProvider{}, DBRefCodecProvider{}, DBObjectCodecProvider{}, DocumentCodecProvider{}, CollectionCodecProvider{}, IterableCodecProvider{}, MapCodecProvider{}, GeoJsonCodecProvider{}, GridFSFileCodecProvider{}, Jsr310CodecProvider{}, JsonObjectCodecProvider{}, BsonCodecProvider{}, EnumCodecProvider{}, com.mongodb.client.model.mql.ExpressionCodecProvider@4602f874, com.mongodb.Jep395RecordCodecProvider@7739aac4, com.mongodb.KotlinCodecProvider@353c6da1]}, loggerSettings=LoggerSettings{maxDocumentLength=1000}, clusterSettings={hosts=[127.0.0.1:27017], srvHost=cluster0.0f66d.mongodb.net, srvServiceName=mongodb, mode=MULTIPLE, requiredClusterType=REPLICA_SET, requiredReplicaSetName='atlas-x248sn-shard-0', serverSelector='null', clusterListeners='[]', serverSelectionTimeout='30000 ms', localThreshold='15 ms'}, socketSettings=SocketSettings{connectTimeoutMS=10000, readTimeoutMS=0, receiveBufferSize=0, proxySettings=ProxySettings{host=null, port=null, username=null, password=null}}, heartbeatSocketSettings=SocketSettings{connectTimeoutMS=10000, readTimeoutMS=10000, receiveBufferSize=0, proxySettings=ProxySettings{host=null, port=null, username=null, password=null}}, connectionPoolSettings=ConnectionPoolSettings{maxSize=100, minSize=0, maxWaitTimeMS=120000, maxConnectionLifeTimeMS=0, maxConnectionIdleTimeMS=0, maintenanceInitialDelayMS=0, maintenanceFrequencyMS=60000, connectionPoolListeners=[], maxConnecting=2}, serverSettings=ServerSettings{heartbeatFrequencyMS=10000, minHeartbeatFrequencyMS=500, serverMonitoringMode=AUTO, serverListeners='[]', serverMonitorListeners='[]'}, sslSettings=SslSettings{enabled=true, invalidHostNameAllowed=false, context=null}, applicationName='Cluster0', compressorList=[], uuidRepresentation=JAVA_LEGACY, serverApi=null, autoEncryptionSettings=null, dnsClient=null, inetAddressResolver=null, contextProvider=null, timeoutMS=null}
2025-05-02T19:39:22.013+05:30  INFO 7844 --- [66d.mongodb.net] org.mongodb.driver.cluster               : Adding discovered server cluster0-shard-00-00.0f66d.mongodb.net:27017 to client view of cluster
2025-05-02T19:39:22.040+05:30  INFO 7844 --- [66d.mongodb.net] org.mongodb.driver.cluster               : Adding discovered server cluster0-shard-00-01.0f66d.mongodb.net:27017 to client view of cluster
2025-05-02T19:39:22.043+05:30  INFO 7844 --- [66d.mongodb.net] org.mongodb.driver.cluster               : Adding discovered server cluster0-shard-00-02.0f66d.mongodb.net:27017 to client view of cluster
2025-05-02T19:39:22.169+05:30  INFO 7844 --- [           main] eAuthenticationProviderManagerConfigurer : Global AuthenticationManager configured with AuthenticationProvider bean with name authenticationProvider
2025-05-02T19:39:22.170+05:30  WARN 7844 --- [           main] r$InitializeUserDetailsManagerConfigurer : Global AuthenticationManager configured with an AuthenticationProvider bean. UserDetailsService beans will not be used by Spring Security for automatically configuring username/password login. Consider removing the AuthenticationProvider bean. Alternatively, consider using the UserDetailsService in a manually instantiated DaoAuthenticationProvider. If the current configuration is intentional, to turn off this warning, increase the logging level of 'org.springframework.security.config.annotation.authentication.configuration.InitializeUserDetailsBeanManagerConfigurer' to ERROR
2025-05-02T19:39:22.774+05:30  INFO 7844 --- [           main] c.d.Libris.LibrisApplicationTests        : Started LibrisApplicationTests in 2.994 seconds (process running for 3.963)
2025-05-02T19:39:23.175+05:30  INFO 7844 --- [ngodb.net:27017] org.mongodb.driver.cluster               : Monitor thread successfully connected to server with description ServerDescription{address=cluster0-shard-00-00.0f66d.mongodb.net:27017, type=REPLICA_SET_SECONDARY, cryptd=false, state=CONNECTED, ok=true, minWireVersion=0, maxWireVersion=25, maxDocumentSize=16777216, logicalSessionTimeoutMinutes=30, roundTripTimeNanos=474331200, minRoundTripTimeNanos=0, setName='atlas-x248sn-shard-0', canonicalAddress=cluster0-shard-00-00.0f66d.mongodb.net:27017, hosts=[cluster0-shard-00-02.0f66d.mongodb.net:27017, cluster0-shard-00-01.0f66d.mongodb.net:27017, cluster0-shard-00-00.0f66d.mongodb.net:27017], passives=[], arbiters=[], primary='cluster0-shard-00-01.0f66d.mongodb.net:27017', tagSet=TagSet{[Tag{name='availabilityZone', value='aps1-az1'}, Tag{name='diskState', value='READY'}, Tag{name='nodeType', value='ELECTABLE'}, Tag{name='provider', value='AWS'}, Tag{name='region', value='AP_SOUTH_1'}, Tag{name='workloadType', value='OPERATIONAL'}]}, electionId=null, setVersion=1, topologyVersion=TopologyVersion{processId=68039eea6c595ed30a43ff79, counter=4}, lastWriteDate=Fri May 02 19:39:24 IST 2025, lastUpdateTimeNanos=2579906516300}
2025-05-02T19:39:23.176+05:30  INFO 7844 --- [ngodb.net:27017] org.mongodb.driver.cluster               : Monitor thread successfully connected to server with description ServerDescription{address=cluster0-shard-00-01.0f66d.mongodb.net:27017, type=REPLICA_SET_PRIMARY, cryptd=false, state=CONNECTED, ok=true, minWireVersion=0, maxWireVersion=25, maxDocumentSize=16777216, logicalSessionTimeoutMinutes=30, roundTripTimeNanos=474330600, minRoundTripTimeNanos=0, setName='atlas-x248sn-shard-0', canonicalAddress=cluster0-shard-00-01.0f66d.mongodb.net:27017, hosts=[cluster0-shard-00-02.0f66d.mongodb.net:27017, cluster0-shard-00-01.0f66d.mongodb.net:27017, cluster0-shard-00-00.0f66d.mongodb.net:27017], passives=[], arbiters=[], primary='cluster0-shard-00-01.0f66d.mongodb.net:27017', tagSet=TagSet{[Tag{name='availabilityZone', value='aps1-az3'}, Tag{name='diskState', value='READY'}, Tag{name='nodeType', value='ELECTABLE'}, Tag{name='provider', value='AWS'}, Tag{name='region', value='AP_SOUTH_1'}, Tag{name='workloadType', value='OPERATIONAL'}]}, electionId=7fffffff0000000000000010, setVersion=1, topologyVersion=TopologyVersion{processId=68039f2196d13ec153700288, counter=6}, lastWriteDate=Fri May 02 19:39:24 IST 2025, lastUpdateTimeNanos=2579906516300}
2025-05-02T19:39:23.179+05:30  INFO 7844 --- [ngodb.net:27017] org.mongodb.driver.cluster               : Discovered replica set primary cluster0-shard-00-01.0f66d.mongodb.net:27017 with max election id 7fffffff0000000000000010 and max set version 1
2025-05-02T19:39:23.185+05:30  INFO 7844 --- [ngodb.net:27017] org.mongodb.driver.cluster               : Monitor thread successfully connected to server with description ServerDescription{address=cluster0-shard-00-02.0f66d.mongodb.net:27017, type=REPLICA_SET_SECONDARY, cryptd=false, state=CONNECTED, ok=true, minWireVersion=0, maxWireVersion=25, maxDocumentSize=16777216, logicalSessionTimeoutMinutes=30, roundTripTimeNanos=487636400, minRoundTripTimeNanos=0, setName='atlas-x248sn-shard-0', canonicalAddress=cluster0-shard-00-02.0f66d.mongodb.net:27017, hosts=[cluster0-shard-00-02.0f66d.mongodb.net:27017, cluster0-shard-00-01.0f66d.mongodb.net:27017, cluster0-shard-00-00.0f66d.mongodb.net:27017], passives=[], arbiters=[], primary='cluster0-shard-00-01.0f66d.mongodb.net:27017', tagSet=TagSet{[Tag{name='availabilityZone', value='aps1-az2'}, Tag{name='diskState', value='READY'}, Tag{name='nodeType', value='ELECTABLE'}, Tag{name='provider', value='AWS'}, Tag{name='region', value='AP_SOUTH_1'}, Tag{name='workloadType', value='OPERATIONAL'}]}, electionId=null, setVersion=1, topologyVersion=TopologyVersion{processId=68039f5822f6c9e1fd43b100, counter=3}, lastWriteDate=Fri May 02 19:39:24 IST 2025, lastUpdateTimeNanos=2579919820400}
]]></system-out>
  </testcase>
</testsuite>